  MonitorApp.cpp
MonitorApp.cpp(137): warning C4244: '=': 將 'DWORDLONG' 轉換為 'double'，由於類型不同，可能導致資料遺失
MonitorApp.cpp(138): warning C4244: '=': 將 'DWORDLONG' 轉換為 'double'，由於類型不同，可能導致資料遺失
MonitorApp.cpp(139): warning C4244: '=': 將 'DWORDLONG' 轉換為 'double'，由於類型不同，可能導致資料遺失
MonitorApp.cpp(140): warning C4244: '=': 將 'DWORDLONG' 轉換為 'double'，由於類型不同，可能導致資料遺失
MonitorApp.cpp(145): warning C4244: '=': 將 'DWORDLONG' 轉換為 'double'，由於類型不同，可能導致資料遺失
MonitorApp.cpp(146): warning C4244: '=': 將 'DWORDLONG' 轉換為 'double'，由於類型不同，可能導致資料遺失
MonitorApp.cpp(147): warning C4244: '=': 將 'DWORDLONG' 轉換為 'double'，由於類型不同，可能導致資料遺失
MonitorApp.cpp(148): warning C4244: '=': 將 'DWORDLONG' 轉換為 'double'，由於類型不同，可能導致資料遺失
MonitorApp.cpp(165): warning C4244: '=': 將 '__int64' 轉換為 'double'，由於類型不同，可能導致資料遺失
MonitorApp.cpp(166): warning C4244: '=': 將 '__int64' 轉換為 'double'，由於類型不同，可能導致資料遺失
MonitorApp.cpp(167): warning C4244: '=': 將 '__int64' 轉換為 'double'，由於類型不同，可能導致資料遺失
MonitorApp.cpp(168): warning C4244: '=': 將 '__int64' 轉換為 'double'，由於類型不同，可能導致資料遺失
MonitorApp.cpp(409): warning C4244: '=': 將 'DWORDLONG' 轉換為 'double'，由於類型不同，可能導致資料遺失
MonitorApp.cpp(410): warning C4244: '=': 將 'DWORDLONG' 轉換為 'double'，由於類型不同，可能導致資料遺失
MonitorApp.cpp(411): warning C4244: '=': 將 'DWORDLONG' 轉換為 'double'，由於類型不同，可能導致資料遺失
MonitorApp.cpp(412): warning C4244: '=': 將 'DWORDLONG' 轉換為 'double'，由於類型不同，可能導致資料遺失
MonitorApp.cpp(417): warning C4244: '=': 將 'DWORDLONG' 轉換為 'double'，由於類型不同，可能導致資料遺失
MonitorApp.cpp(418): warning C4244: '=': 將 'DWORDLONG' 轉換為 'double'，由於類型不同，可能導致資料遺失
MonitorApp.cpp(419): warning C4244: '=': 將 'DWORDLONG' 轉換為 'double'，由於類型不同，可能導致資料遺失
MonitorApp.cpp(420): warning C4244: '=': 將 'DWORDLONG' 轉換為 'double'，由於類型不同，可能導致資料遺失
MonitorApp.cpp(437): warning C4244: '=': 將 '__int64' 轉換為 'double'，由於類型不同，可能導致資料遺失
MonitorApp.cpp(438): warning C4244: '=': 將 '__int64' 轉換為 'double'，由於類型不同，可能導致資料遺失
MonitorApp.cpp(439): warning C4244: '=': 將 '__int64' 轉換為 'double'，由於類型不同，可能導致資料遺失
MonitorApp.cpp(440): warning C4244: '=': 將 '__int64' 轉換為 'double'，由於類型不同，可能導致資料遺失
MonitorApp.cpp(443): warning C4244: '=': 將 '__int64' 轉換為 'double'，由於類型不同，可能導致資料遺失
MonitorApp.cpp(444): warning C4244: '=': 將 '__int64' 轉換為 'double'，由於類型不同，可能導致資料遺失
MonitorApp.cpp(445): warning C4244: '=': 將 '__int64' 轉換為 'double'，由於類型不同，可能導致資料遺失
MonitorApp.cpp(446): warning C4244: '=': 將 '__int64' 轉換為 'double'，由於類型不同，可能導致資料遺失
MonitorApp.cpp(559): warning C4307: '*': 整數常數溢位
MonitorApp.cpp(560): warning C4307: '*': 整數常數溢位
MonitorApp.cpp(565): warning C4307: '*': 整數常數溢位
MonitorApp.cpp(566): warning C4307: '*': 整數常數溢位
  正在產生程式碼
  1 of 167 functions ( 0.6%) were compiled, the rest were copied from previous compilation.
    0 functions were new in current compilation
    2 functions had inline decision re-evaluated but remain unchanged
  已完成程式碼產生
  MonitorApp.vcxproj -> C:\Users\92233\Desktop\MonitorApp_VisualStudio2013\MonitorApp\Release\MonitorApp.exe
  MonitorApp.vcxproj -> C:\Users\92233\Desktop\MonitorApp_VisualStudio2013\MonitorApp\Release\MonitorApp.pdb (Full PDB)
